{
  "RSpec": {
    "coverage": {
      "/Users/juliamarcooteros/turing/3module/projects/sweater_weather/app/facades/antipodes_facade.rb": [
        1,
        null,
        1,
        2,
        null,
        null,
        1,
        2,
        2,
        2,
        2,
        2,
        2,
        null,
        null,
        1,
        8,
        null,
        null,
        1,
        6,
        6,
        null,
        null,
        1,
        8,
        null,
        null,
        null
      ],
      "/Users/juliamarcooteros/turing/3module/projects/sweater_weather/app/facades/location_facade.rb": [
        1,
        1,
        25,
        null,
        null,
        1,
        45,
        45,
        15,
        null,
        45,
        null,
        null,
        1,
        31,
        31,
        null,
        null,
        1,
        15,
        15,
        null,
        null,
        1,
        20,
        null,
        null
      ],
      "/Users/juliamarcooteros/turing/3module/projects/sweater_weather/app/facades/favorites_facade.rb": [
        1,
        null,
        1,
        7,
        7,
        null,
        null,
        1,
        5,
        null,
        null,
        1,
        2,
        null,
        null,
        null,
        1,
        4,
        9,
        null,
        null,
        null,
        null
      ],
      "/Users/juliamarcooteros/turing/3module/projects/sweater_weather/app/facades/forecast_facade.rb": [
        1,
        null,
        1,
        37,
        null,
        null,
        1,
        14,
        null,
        null,
        1,
        11,
        11,
        11,
        11,
        null,
        null,
        1,
        2,
        2,
        16,
        16,
        null,
        null,
        null,
        1,
        2,
        2,
        10,
        10,
        null,
        null,
        null
      ],
      "/Users/juliamarcooteros/turing/3module/projects/sweater_weather/app/facades/image_facade.rb": [
        1,
        null,
        1,
        2,
        null,
        null,
        null
      ],
      "/Users/juliamarcooteros/turing/3module/projects/sweater_weather/app/models/antipode.rb": [
        1,
        1,
        null,
        null,
        null,
        null,
        null,
        1,
        4,
        4,
        4,
        4,
        4,
        null,
        null,
        1,
        1,
        null,
        null,
        null
      ],
      "/Users/juliamarcooteros/turing/3module/projects/sweater_weather/app/models/favorite.rb": [
        1,
        1,
        1,
        null
      ],
      "/Users/juliamarcooteros/turing/3module/projects/sweater_weather/app/models/application_record.rb": [
        1,
        1,
        null
      ],
      "/Users/juliamarcooteros/turing/3module/projects/sweater_weather/app/models/location.rb": [
        1,
        1,
        1,
        1,
        1,
        1,
        1,
        null,
        1,
        16,
        null,
        null,
        null,
        null,
        null,
        null
      ],
      "/Users/juliamarcooteros/turing/3module/projects/sweater_weather/app/models/user.rb": [
        1,
        1,
        null,
        1,
        1,
        1,
        1,
        1,
        null,
        1,
        1,
        null,
        1,
        2,
        2,
        2,
        null,
        null,
        1,
        2,
        null,
        null,
        null
      ],
      "/Users/juliamarcooteros/turing/3module/projects/sweater_weather/app/models/weather_hourly.rb": [
        1,
        1,
        null,
        null,
        null,
        null,
        1,
        18,
        18,
        18,
        18,
        null,
        null,
        null
      ],
      "/Users/juliamarcooteros/turing/3module/projects/sweater_weather/app/models/weather.rb": [
        1,
        1,
        null,
        null,
        null,
        null,
        null,
        null,
        null,
        null,
        null,
        null,
        null,
        null,
        null,
        null,
        null,
        1,
        13,
        13,
        13,
        13,
        13,
        13,
        13,
        13,
        13,
        13,
        13,
        13,
        13,
        13,
        13,
        null,
        null,
        null
      ],
      "/Users/juliamarcooteros/turing/3module/projects/sweater_weather/app/models/weather_weekly.rb": [
        1,
        1,
        null,
        null,
        null,
        null,
        null,
        null,
        null,
        1,
        12,
        12,
        12,
        12,
        12,
        12,
        12,
        null,
        null,
        null
      ],
      "/Users/juliamarcooteros/turing/3module/projects/sweater_weather/app/services/amypode_service.rb": [
        1,
        null,
        1,
        9,
        null,
        null,
        1,
        9,
        9,
        9,
        9,
        9,
        null,
        null,
        null,
        1,
        9,
        9,
        null,
        null,
        null,
        null
      ],
      "/Users/juliamarcooteros/turing/3module/projects/sweater_weather/app/services/dark_sky_service.rb": [
        1,
        null,
        1,
        21,
        5,
        null,
        null,
        null,
        1,
        5,
        5,
        5,
        null,
        null,
        null,
        1,
        5,
        5,
        null,
        null,
        null,
        null
      ],
      "/Users/juliamarcooteros/turing/3module/projects/sweater_weather/app/services/flickr_service.rb": [
        1,
        null,
        1,
        16,
        null,
        null,
        1,
        16,
        16,
        16,
        16,
        16,
        16,
        16,
        16,
        16,
        16,
        16,
        16,
        16,
        16,
        16,
        null,
        null,
        null,
        1,
        16,
        16,
        null,
        null,
        null,
        null
      ],
      "/Users/juliamarcooteros/turing/3module/projects/sweater_weather/app/services/geocode_service.rb": [
        1,
        null,
        1,
        32,
        null,
        null,
        1,
        32,
        32,
        32,
        32,
        null,
        null,
        null,
        1,
        32,
        32,
        null,
        null,
        null,
        null
      ],
      "/Users/juliamarcooteros/turing/3module/projects/sweater_weather/app/controllers/api/v1/antipodes_controller.rb": [
        1,
        null,
        1,
        1,
        1,
        null,
        null,
        null
      ],
      "/Users/juliamarcooteros/turing/3module/projects/sweater_weather/app/controllers/application_controller.rb": [
        1,
        null,
        null
      ],
      "/Users/juliamarcooteros/turing/3module/projects/sweater_weather/app/serializers/antipodes_serializer.rb": [
        1,
        1,
        null,
        1,
        null,
        1,
        1,
        null,
        null,
        1,
        1,
        null,
        null,
        null
      ],
      "/Users/juliamarcooteros/turing/3module/projects/sweater_weather/app/controllers/api/v1/favorites_controller.rb": [
        1,
        1,
        null,
        1,
        1,
        1,
        null,
        null,
        1,
        1,
        1,
        null,
        null,
        1,
        1,
        1,
        1,
        null,
        null,
        1,
        null,
        1,
        9,
        null,
        null,
        1,
        6,
        6,
        3,
        null,
        3,
        null,
        null,
        null,
        null
      ],
      "/Users/juliamarcooteros/turing/3module/projects/sweater_weather/app/serializers/weather_today_serializer.rb": [
        1,
        1,
        null,
        1,
        null,
        null,
        null,
        null,
        null,
        null,
        null,
        null,
        null,
        null,
        null,
        null,
        null,
        null,
        null,
        null,
        null
      ],
      "/Users/juliamarcooteros/turing/3module/projects/sweater_weather/app/controllers/api/v1/forecast_controller.rb": [
        1,
        null,
        1,
        1,
        1,
        null,
        null,
        null,
        null,
        null,
        null
      ],
      "/Users/juliamarcooteros/turing/3module/projects/sweater_weather/app/serializers/weather_hourly_serializer.rb": [
        1,
        1,
        null,
        1,
        null,
        null,
        null,
        null,
        null
      ],
      "/Users/juliamarcooteros/turing/3module/projects/sweater_weather/app/serializers/weather_weekly_serializer.rb": [
        1,
        1,
        null,
        1,
        null,
        null,
        null,
        null,
        null,
        null,
        null,
        null
      ],
      "/Users/juliamarcooteros/turing/3module/projects/sweater_weather/app/controllers/api/v1/image_controller.rb": [
        1,
        null,
        1,
        1,
        1,
        null,
        null,
        null
      ],
      "/Users/juliamarcooteros/turing/3module/projects/sweater_weather/app/serializers/image_serializer.rb": [
        1,
        1,
        null,
        1,
        null,
        null,
        null,
        null,
        null,
        null
      ],
      "/Users/juliamarcooteros/turing/3module/projects/sweater_weather/app/controllers/api/v1/users_controller.rb": [
        1,
        null,
        1,
        2,
        2,
        1,
        null,
        1,
        null,
        null,
        null,
        1,
        null,
        1,
        2,
        null,
        null,
        null
      ],
      "/Users/juliamarcooteros/turing/3module/projects/sweater_weather/app/controllers/api/v1/sessions_controller.rb": [
        1,
        null,
        1,
        2,
        2,
        1,
        null,
        1,
        null,
        null,
        null,
        1,
        null,
        1,
        4,
        null,
        null,
        null
      ],
      "/Users/juliamarcooteros/turing/3module/projects/sweater_weather/app/mailers/application_mailer.rb": [
        0,
        0,
        0,
        0
      ],
      "/Users/juliamarcooteros/turing/3module/projects/sweater_weather/app/jobs/application_job.rb": [
        0,
        0
      ],
      "/Users/juliamarcooteros/turing/3module/projects/sweater_weather/app/helpers/application_helper.rb": [
        0,
        0
      ],
      "/Users/juliamarcooteros/turing/3module/projects/sweater_weather/app/channels/application_cable/connection.rb": [
        0,
        0,
        0,
        0
      ],
      "/Users/juliamarcooteros/turing/3module/projects/sweater_weather/app/channels/application_cable/channel.rb": [
        0,
        0,
        0,
        0
      ]
    },
    "timestamp": 1555461428
  }
}
